<?xml version="1.0" encoding="UTF-8"?>
<!-- Generated by org.testng.reporters.JUnitXMLReporter -->
<testsuite hostname="FNFILPT302" name="Test" tests="2" failures="0" timestamp="4 Jun 2020 09:22:51 GMT" time="0.025" errors="0">
  <testcase name="@BeforeSuite initBrowser" time="0.0" classname="test.java.sample.myTest">
    <failure type="java.lang.IllegalStateException" message="The driver executable does not exist: C:\Users\rjarayht\Cucumber\JenkinsIntegration\src\main\resources\chromedriver.exe">
      <![CDATA[java.lang.IllegalStateException: The driver executable does not exist: C:\Users\rjarayht\Cucumber\JenkinsIntegration\src\main\resources\chromedriver.exe
	at com.google.common.base.Preconditions.checkState(Preconditions.java:585)
	at org.openqa.selenium.remote.service.DriverService.checkExecutable(DriverService.java:146)
	at org.openqa.selenium.remote.service.DriverService.findExecutable(DriverService.java:141)
	at org.openqa.selenium.chrome.ChromeDriverService.access$000(ChromeDriverService.java:35)
	at org.openqa.selenium.chrome.ChromeDriverService$Builder.findDefaultExecutable(ChromeDriverService.java:159)
	at org.openqa.selenium.remote.service.DriverService$Builder.build(DriverService.java:355)
	at org.openqa.selenium.chrome.ChromeDriverService.createDefaultService(ChromeDriverService.java:94)
	at org.openqa.selenium.chrome.ChromeDriver.<init>(ChromeDriver.java:123)
	at test.java.base.BaseTest.initBrowser(BaseTest.java:17)
... Removed 18 stack frames]]>
    </failure>
  </testcase> <!-- @BeforeSuite initBrowser -->
  <testcase name="myTestExample1" time="0.002" classname="test.java.sample.myTest">
    <skipped/>
  </testcase> <!-- myTestExample1 -->
  <testcase name="myTestExample2" time="0.002" classname="test.java.sample.myTest">
    <skipped/>
  </testcase> <!-- myTestExample2 -->
</testsuite> <!-- Test -->
