<?xml version="1.0" encoding="UTF-8"?>
<testng-results skipped="0" failed="1" total="2" passed="1">
  <reporter-output>
  </reporter-output>
  <suite name="Default suite" duration-ms="93810" started-at="2020-06-04T09:24:16Z" finished-at="2020-06-04T09:25:50Z">
    <groups>
    </groups>
    <test name="Default test" duration-ms="93810" started-at="2020-06-04T09:24:16Z" finished-at="2020-06-04T09:25:50Z">
      <class name="test.java.sample.myTest">
        <test-method status="PASS" signature="initBrowser()[pri:0, instance:test.java.sample.myTest@4501b7af]" name="initBrowser" is-config="true" duration-ms="4913" started-at="2020-06-04T14:54:11Z" finished-at="2020-06-04T14:54:16Z">
          <reporter-output>
          </reporter-output>
        </test-method> <!-- initBrowser -->
        <test-method status="FAIL" signature="myTestExample1()[pri:0, instance:test.java.sample.myTest@4501b7af]" name="myTestExample1" duration-ms="69649" started-at="2020-06-04T14:54:16Z" finished-at="2020-06-04T14:55:26Z">
          <exception class="java.lang.AssertionError">
            <message>
              <![CDATA[FAILED LOGIN STEP 1 expected [true] but found [false]]]>
            </message>
            <full-stacktrace>
              <![CDATA[java.lang.AssertionError: FAILED LOGIN STEP 1 expected [true] but found [false]
	at org.testng.Assert.fail(Assert.java:94)
	at org.testng.Assert.failNotEquals(Assert.java:494)
	at org.testng.Assert.assertEquals(Assert.java:123)
	at org.testng.Assert.assertEquals(Assert.java:286)
	at test.java.sample.myTest.myTestExample1(myTest.java:24)
	at sun.reflect.NativeMethodAccessorImpl.invoke0(Native Method)
	at sun.reflect.NativeMethodAccessorImpl.invoke(Unknown Source)
	at sun.reflect.DelegatingMethodAccessorImpl.invoke(Unknown Source)
	at java.lang.reflect.Method.invoke(Unknown Source)
	at org.testng.internal.MethodInvocationHelper.invokeMethod(MethodInvocationHelper.java:84)
	at org.testng.internal.Invoker.invokeMethod(Invoker.java:714)
	at org.testng.internal.Invoker.invokeTestMethod(Invoker.java:901)
	at org.testng.internal.Invoker.invokeTestMethods(Invoker.java:1231)
	at org.testng.internal.TestMethodWorker.invokeTestMethods(TestMethodWorker.java:127)
	at org.testng.internal.TestMethodWorker.run(TestMethodWorker.java:111)
	at org.testng.TestRunner.privateRun(TestRunner.java:767)
	at org.testng.TestRunner.run(TestRunner.java:617)
	at org.testng.SuiteRunner.runTest(SuiteRunner.java:348)
	at org.testng.SuiteRunner.runSequentially(SuiteRunner.java:343)
	at org.testng.SuiteRunner.privateRun(SuiteRunner.java:305)
	at org.testng.SuiteRunner.run(SuiteRunner.java:254)
	at org.testng.SuiteRunnerWorker.runSuite(SuiteRunnerWorker.java:52)
	at org.testng.SuiteRunnerWorker.run(SuiteRunnerWorker.java:86)
	at org.testng.TestNG.runSuitesSequentially(TestNG.java:1224)
	at org.testng.TestNG.runSuitesLocally(TestNG.java:1149)
	at org.testng.TestNG.run(TestNG.java:1057)
	at org.testng.remote.AbstractRemoteTestNG.run(AbstractRemoteTestNG.java:114)
	at org.testng.remote.RemoteTestNG.initAndRun(RemoteTestNG.java:251)
	at org.testng.remote.RemoteTestNG.main(RemoteTestNG.java:77)
]]>
            </full-stacktrace>
          </exception> <!-- java.lang.AssertionError -->
          <reporter-output>
          </reporter-output>
        </test-method> <!-- myTestExample1 -->
        <test-method status="PASS" signature="myTestExample2()[pri:0, instance:test.java.sample.myTest@4501b7af]" name="myTestExample2" duration-ms="24143" started-at="2020-06-04T14:55:26Z" finished-at="2020-06-04T14:55:50Z">
          <reporter-output>
          </reporter-output>
        </test-method> <!-- myTestExample2 -->
        <test-method status="PASS" signature="destroyBrowser()[pri:0, instance:test.java.sample.myTest@4501b7af]" name="destroyBrowser" is-config="true" duration-ms="291" started-at="2020-06-04T14:55:50Z" finished-at="2020-06-04T14:55:50Z">
          <reporter-output>
          </reporter-output>
        </test-method> <!-- destroyBrowser -->
      </class> <!-- test.java.sample.myTest -->
    </test> <!-- Default test -->
  </suite> <!-- Default suite -->
</testng-results>
